CRUM run in /Users/holma2/Dropbox (Aalto)/Molecules/CRM on 2020-02-21 15:00:04
Defined species:
    H(n=1)
    H2(v=0)
    H2+
    H2(v=1)
    H2(v=2)
    H2(v=3)
    H2(v=4)
    H2(v=5)
    H2(v=6)
    H2(v=7)
    H2(v=8)
    H2(v=9)
    H2(v=10)
    H2(v=11)
    H2(v=12)
    H2(v=13)
    H2(v=14)
    H(n=2)
    H(n=3)
    H(n=4)
    H(n=5)
    H(n=6)
    H(n=7)
    H(n=8)
    H2(n=B)
    H2(n=C)
    H2(n=EF)
    H2(n=a)
    H2(n=b)
    H2(n=c)
    H-
Defined reactions:
HYDHEL_2.2.4: e + H2(v=0) => e + H2(n=EF) 
HYDHEL_2.2.5: e + H2(v=0) => e + H2(n=a) 
HYDHEL_2.2.6: e + H2(v=0) => e + H(n=1) + H(n=2) 
H2VIBR_2.0l1: e + H2(v=0) => e + 2.0*H(n=1) 
H2VIBR_2.1l1: e + H2(v=1) => e + 2.0*H(n=1) 
H2VIBR_2.2l1: e + H2(v=2) => e + 2.0*H(n=1) 
H2VIBR_2.3l1: e + H2(v=3) => e + 2.0*H(n=1) 
H2VIBR_2.4l1: e + H2(v=4) => e + 2.0*H(n=1) 
H2VIBR_2.5l1: e + H2(v=5) => e + 2.0*H(n=1) 
H2VIBR_2.6l1: e + H2(v=6) => e + 2.0*H(n=1) 
H2VIBR_2.7l1: e + H2(v=7) => e + 2.0*H(n=1) 
H2VIBR_2.8l1: e + H2(v=8) => e + 2.0*H(n=1) 
H2VIBR_2.9l1: e + H2(v=9) => e + 2.0*H(n=1) 
H2VIBR_2.10l1: e + H2(v=10) => e + 2.0*H(n=1) 
H2VIBR_2.11l1: e + H2(v=11) => e + 2.0*H(n=1) 
H2VIBR_2.12l1: e + H2(v=12) => e + 2.0*H(n=1) 
H2VIBR_2.13l1: e + H2(v=13) => e + 2.0*H(n=1) 
H2VIBR_2.14l1: e + H2(v=14) => e + 2.0*H(n=1) 
HYDHEL_2.2.7: e + H2(v=0) => 2.0*H(n=2) 
HYDHEL_2.2.8: e + H2(v=0) => e + H(n=1) + H(n=3) 
H2VIBR_2.0l4: e + H2(v=0) => 2.0*e + H2+ 
H2VIBR_2.1l4: e + H2(v=1) => 2.0*e + H2+ 
H2VIBR_2.2l4: e + H2(v=2) => 2.0*e + H2+ 
H2VIBR_2.3l4: e + H2(v=3) => 2.0*e + H2+ 
H2VIBR_2.4l4: e + H2(v=4) => 2.0*e + H2+ 
H2VIBR_2.5l4: e + H2(v=5) => 2.0*e + H2+ 
H2VIBR_2.6l4: e + H2(v=6) => 2.0*e + H2+ 
H2VIBR_2.7l4: e + H2(v=7) => 2.0*e + H2+ 
H2VIBR_2.8l4: e + H2(v=8) => 2.0*e + H2+ 
H2VIBR_2.9l4: e + H2(v=9) => 2.0*e + H2+ 
H2VIBR_2.10l4: e + H2(v=10) => 2.0*e + H2+ 
H2VIBR_2.11l4: e + H2(v=11) => 2.0*e + H2+ 
H2VIBR_2.12l4: e + H2(v=12) => 2.0*e + H2+ 
H2VIBR_2.13l4: e + H2(v=13) => 2.0*e + H2+ 
H2VIBR_2.14l4: e + H2(v=14) => 2.0*e + H2+ 
HYDHEL_2.2.10: e + H2(v=0) => 2.0*e + p + H(n=1) 
H2VIBR_2.0l3: e + H2(v=0) => H(n=1) + H- 
H2VIBR_2.1l3: e + H2(v=1) => H(n=1) + H- 
H2VIBR_2.2l3: e + H2(v=2) => H(n=1) + H- 
H2VIBR_2.3l3: e + H2(v=3) => H(n=1) + H- 
H2VIBR_2.4l3: e + H2(v=4) => H(n=1) + H- 
H2VIBR_2.5l3: e + H2(v=5) => H(n=1) + H- 
H2VIBR_2.6l3: e + H2(v=6) => H(n=1) + H- 
H2VIBR_2.7l3: e + H2(v=7) => H(n=1) + H- 
H2VIBR_2.8l3: e + H2(v=8) => H(n=1) + H- 
H2VIBR_2.9l3: e + H2(v=9) => H(n=1) + H- 
H2VIBR_2.10l3: e + H2(v=10) => H(n=1) + H- 
H2VIBR_2.11l3: e + H2(v=11) => H(n=1) + H- 
H2VIBR_2.12l3: e + H2(v=12) => H(n=1) + H- 
H2VIBR_2.13l3: e + H2(v=13) => H(n=1) + H- 
H2VIBR_2.14l3: e + H2(v=14) => H(n=1) + H- 
H2VIBR_2.0l2: p + H2(v=0) => H2+ + H(n=1) 
H2VIBR_2.1l2: p + H2(v=1) => H2+ + H(n=1) 
H2VIBR_2.2l2: p + H2(v=2) => H2+ + H(n=1) 
H2VIBR_2.3l2: p + H2(v=3) => H2+ + H(n=1) 
H2VIBR_2.4l2: p + H2(v=4) => H2+ + H(n=1) 
H2VIBR_2.5l2: p + H2(v=5) => H2+ + H(n=1) 
H2VIBR_2.6l2: p + H2(v=6) => H2+ + H(n=1) 
H2VIBR_2.7l2: p + H2(v=7) => H2+ + H(n=1) 
H2VIBR_2.8l2: p + H2(v=8) => H2+ + H(n=1) 
H2VIBR_2.9l2: p + H2(v=9) => H2+ + H(n=1) 
H2VIBR_2.10l2: p + H2(v=10) => H2+ + H(n=1) 
H2VIBR_2.11l2: p + H2(v=11) => H2+ + H(n=1) 
H2VIBR_2.12l2: p + H2(v=12) => H2+ + H(n=1) 
H2VIBR_2.13l2: p + H2(v=13) => H2+ + H(n=1) 
H2VIBR_2.14l2: p + H2(v=14) => H2+ + H(n=1) 
HYDHEL_3.2.5: p + H2(v=0) => p + H2+ + e 
H2VIBR_2.0v1: e + H2(v=0) => e + H2(v=1) 
H2VIBR_2.1v0: e + H2(v=1) => e + H2(v=0) 
H2VIBR_2.1v2: e + H2(v=1) => e + H2(v=2) 
H2VIBR_2.2v1: e + H2(v=2) => e + H2(v=1) 
H2VIBR_2.2v3: e + H2(v=2) => e + H2(v=3) 
H2VIBR_2.3v2: e + H2(v=3) => e + H2(v=2) 
H2VIBR_2.3v4: e + H2(v=3) => e + H2(v=4) 
H2VIBR_2.4v3: e + H2(v=4) => e + H2(v=3) 
H2VIBR_2.4v5: e + H2(v=4) => e + H2(v=5) 
H2VIBR_2.5v4: e + H2(v=5) => e + H2(v=4) 
H2VIBR_2.5v6: e + H2(v=5) => e + H2(v=6) 
H2VIBR_2.6v5: e + H2(v=6) => e + H2(v=5) 
H2VIBR_2.6v7: e + H2(v=6) => e + H2(v=7) 
H2VIBR_2.7v6: e + H2(v=7) => e + H2(v=6) 
H2VIBR_2.7v8: e + H2(v=7) => e + H2(v=8) 
H2VIBR_2.8v7: e + H2(v=8) => e + H2(v=7) 
H2VIBR_2.8v9: e + H2(v=8) => e + H2(v=9) 
H2VIBR_2.9v8: e + H2(v=9) => e + H2(v=8) 
H2VIBR_2.9v10: e + H2(v=9) => e + H2(v=10) 
H2VIBR_2.10v9: e + H2(v=10) => e + H2(v=9) 
H2VIBR_2.10v11: e + H2(v=10) => e + H2(v=11) 
H2VIBR_2.11v10: e + H2(v=11) => e + H2(v=10) 
H2VIBR_2.11v12: e + H2(v=11) => e + H2(v=12) 
H2VIBR_2.12v11: e + H2(v=12) => e + H2(v=11) 
H2VIBR_2.12v13: e + H2(v=12) => e + H2(v=13) 
H2VIBR_2.13v12: e + H2(v=13) => e + H2(v=12) 
H2VIBR_2.13v14: e + H2(v=13) => e + H2(v=14) 
H2VIBR_2.14v13: e + H2(v=14) => e + H2(v=13) 
UE_IONIZ: e + H(n=1) => 2.0*e + p 
UE_REC: e + p => H(n=1) 
ADAS_EXCITATION_1-2: e + H(n=1) => e + H(n=2) 
ADAS_EXCITATION_1-3: e + H(n=1) => e + H(n=3) 
ADAS_EXCITATION_1-4: e + H(n=1) => e + H(n=4) 
ADAS_EXCITATION_1-5: e + H(n=1) => e + H(n=5) 
ADAS_EXCITATION_1-6: e + H(n=1) => e + H(n=6) 
ADAS_EXCITATION_1-7: e + H(n=1) => e + H(n=7) 
ADAS_EXCITATION_1-8: e + H(n=1) => e + H(n=8) 
ADAS_EXCITATION_2-3: e + H(n=2) => e + H(n=3) 
ADAS_EXCITATION_2-4: e + H(n=2) => e + H(n=4) 
ADAS_EXCITATION_2-5: e + H(n=2) => e + H(n=5) 
ADAS_EXCITATION_2-6: e + H(n=2) => e + H(n=6) 
ADAS_EXCITATION_2-7: e + H(n=2) => e + H(n=7) 
ADAS_EXCITATION_2-8: e + H(n=2) => e + H(n=8) 
ADAS_EXCITATION_3-4: e + H(n=3) => e + H(n=4) 
ADAS_EXCITATION_3-5: e + H(n=3) => e + H(n=5) 
ADAS_EXCITATION_3-6: e + H(n=3) => e + H(n=6) 
ADAS_EXCITATION_3-7: e + H(n=3) => e + H(n=7) 
ADAS_EXCITATION_3-8: e + H(n=3) => e + H(n=8) 
ADAS_EXCITATION_4-5: e + H(n=4) => e + H(n=5) 
ADAS_EXCITATION_4-6: e + H(n=4) => e + H(n=6) 
ADAS_EXCITATION_4-7: e + H(n=4) => e + H(n=7) 
ADAS_EXCITATION_4-8: e + H(n=4) => e + H(n=8) 
ADAS_EXCITATION_5-6: e + H(n=5) => e + H(n=6) 
ADAS_EXCITATION_5-7: e + H(n=5) => e + H(n=7) 
ADAS_EXCITATION_5-8: e + H(n=5) => e + H(n=8) 
ADAS_EXCITATION_6-7: e + H(n=6) => e + H(n=7) 
ADAS_EXCITATION_6-8: e + H(n=6) => e + H(n=8) 
ADAS_EXCITATION_7-8: e + H(n=7) => e + H(n=8) 
ADAS_RELAXATION_2-1: H(n=2) => H(n=1) 
ADAS_RELAXATION_3-1: H(n=3) => H(n=1) 
ADAS_RELAXATION_3-2: H(n=3) => H(n=2) 
ADAS_RELAXATION_4-1: H(n=4) => H(n=1) 
ADAS_RELAXATION_4-2: H(n=4) => H(n=2) 
ADAS_RELAXATION_4-3: H(n=4) => H(n=3) 
ADAS_RELAXATION_5-1: H(n=5) => H(n=1) 
ADAS_RELAXATION_5-2: H(n=5) => H(n=2) 
ADAS_RELAXATION_5-3: H(n=5) => H(n=3) 
ADAS_RELAXATION_5-4: H(n=5) => H(n=4) 
ADAS_RELAXATION_6-1: H(n=6) => H(n=1) 
ADAS_RELAXATION_6-2: H(n=6) => H(n=2) 
ADAS_RELAXATION_6-3: H(n=6) => H(n=3) 
ADAS_RELAXATION_6-4: H(n=6) => H(n=4) 
ADAS_RELAXATION_6-5: H(n=6) => H(n=5) 
ADAS_RELAXATION_7-1: H(n=7) => H(n=1) 
ADAS_RELAXATION_7-2: H(n=7) => H(n=2) 
ADAS_RELAXATION_7-3: H(n=7) => H(n=3) 
ADAS_RELAXATION_7-4: H(n=7) => H(n=4) 
ADAS_RELAXATION_7-5: H(n=7) => H(n=5) 
ADAS_RELAXATION_7-6: H(n=7) => H(n=6) 
ADAS_RELAXATION_8-1: H(n=8) => H(n=1) 
ADAS_RELAXATION_8-2: H(n=8) => H(n=2) 
ADAS_RELAXATION_8-3: H(n=8) => H(n=3) 
ADAS_RELAXATION_8-4: H(n=8) => H(n=4) 
ADAS_RELAXATION_8-5: H(n=8) => H(n=5) 
ADAS_RELAXATION_8-6: H(n=8) => H(n=6) 
ADAS_RELAXATION_8-7: H(n=8) => H(n=7) 
SAWADA_0-B: e + H2(v=0) => e + H2(n=B) 
SAWADA_1-B: e + H2(v=1) => e + H2(n=B) 
SAWADA_2-B: e + H2(v=2) => e + H2(n=B) 
SAWADA_3-B: e + H2(v=3) => e + H2(n=B) 
SAWADA_4-B: e + H2(v=4) => e + H2(n=B) 
SAWADA_5-B: e + H2(v=5) => e + H2(n=B) 
SAWADA_6-B: e + H2(v=6) => e + H2(n=B) 
SAWADA_7-B: e + H2(v=7) => e + H2(n=B) 
SAWADA_8-B: e + H2(v=8) => e + H2(n=B) 
SAWADA_9-B: e + H2(v=9) => e + H2(n=B) 
SAWADA_10-B: e + H2(v=10) => e + H2(n=B) 
SAWADA_11-B: e + H2(v=11) => e + H2(n=B) 
SAWADA_12-B: e + H2(v=12) => e + H2(n=B) 
SAWADA_13-B: e + H2(v=13) => e + H2(n=B) 
SAWADA_14-B: e + H2(v=14) => e + H2(n=B) 
SAWADA_0-C: e + H2(v=0) => e + H2(n=C) 
SAWADA_1-C: e + H2(v=1) => e + H2(n=C) 
SAWADA_2-C: e + H2(v=2) => e + H2(n=C) 
SAWADA_3-C: e + H2(v=3) => e + H2(n=C) 
SAWADA_4-C: e + H2(v=4) => e + H2(n=C) 
SAWADA_5-C: e + H2(v=5) => e + H2(n=C) 
SAWADA_6-C: e + H2(v=6) => e + H2(n=C) 
SAWADA_7-C: e + H2(v=7) => e + H2(n=C) 
SAWADA_8-C: e + H2(v=8) => e + H2(n=C) 
SAWADA_9-C: e + H2(v=9) => e + H2(n=C) 
SAWADA_10-C: e + H2(v=10) => e + H2(n=C) 
SAWADA_11-C: e + H2(v=11) => e + H2(n=C) 
SAWADA_12-C: e + H2(v=12) => e + H2(n=C) 
SAWADA_13-C: e + H2(v=13) => e + H2(n=C) 
SAWADA_14-C: e + H2(v=14) => e + H2(n=C) 
SAWADA_EF-B: H2(n=EF) => H2(n=B) 
SAWADA_a-b: H2(n=a) => H2(n=b) 
SAWADA_c-a: H2(n=c) => H2(n=a) 
SAWADA_B-0: H2(n=B) => H2(v=0) 
SAWADA_B-1: H2(n=B) => H2(v=1) 
SAWADA_B-2: H2(n=B) => H2(v=2) 
SAWADA_B-3: H2(n=B) => H2(v=3) 
SAWADA_B-4: H2(n=B) => H2(v=4) 
SAWADA_B-5: H2(n=B) => H2(v=5) 
SAWADA_B-6: H2(n=B) => H2(v=6) 
SAWADA_B-7: H2(n=B) => H2(v=7) 
SAWADA_B-8: H2(n=B) => H2(v=8) 
SAWADA_B-9: H2(n=B) => H2(v=9) 
SAWADA_B-10: H2(n=B) => H2(v=10) 
SAWADA_B-11: H2(n=B) => H2(v=11) 
SAWADA_B-12: H2(n=B) => H2(v=12) 
SAWADA_B-13: H2(n=B) => H2(v=13) 
SAWADA_B-14: H2(n=B) => H2(v=14) 
SAWADA_C-0: H2(n=C) => H2(v=0) 
SAWADA_C-1: H2(n=C) => H2(v=1) 
SAWADA_C-2: H2(n=C) => H2(v=2) 
SAWADA_C-3: H2(n=C) => H2(v=3) 
SAWADA_C-4: H2(n=C) => H2(v=4) 
SAWADA_C-5: H2(n=C) => H2(v=5) 
SAWADA_C-6: H2(n=C) => H2(v=6) 
SAWADA_C-7: H2(n=C) => H2(v=7) 
SAWADA_C-8: H2(n=C) => H2(v=8) 
SAWADA_C-9: H2(n=C) => H2(v=9) 
SAWADA_C-10: H2(n=C) => H2(v=10) 
SAWADA_C-11: H2(n=C) => H2(v=11) 
SAWADA_C-12: H2(n=C) => H2(v=12) 
SAWADA_C-13: H2(n=C) => H2(v=13) 
SAWADA_C-14: H2(n=C) => H2(v=14) 
SAWADA_B-diss: H2(n=B) => 2.0*H(n=1) 
SAWADA_C-diss: H2(n=C) => 2.0*H(n=1) 
SAWADA_X-c: e + H2(v=0) => e + H2(n=c) 
SAWADA_b-diss: H2(n=b) => 2.0*H(n=1) 
